# JRE version: OpenJDK Runtime Environment (8.0_242) (build 1.8.0_242-release-1644-b3-6222593)
# Java VM: OpenJDK 64-Bit Server VM (25.242-b3-6222593 mixed mode linux-amd64 compressed oops)
Heap:
 PSYoungGen      total 434176K, used 434164K [0x00000000d5580000, 0x00000000f2480000, 0x0000000100000000)
  eden space 408576K, 100% used [0x00000000d5580000,0x00000000ee480000,0x00000000ee480000)
  from space 25600K, 99% used [0x00000000f0b80000,0x00000000f247d1f0,0x00000000f2480000)
  to   space 30720K, 99% used [0x00000000ee880000,0x00000000f0679560,0x00000000f0680000)
 ParOldGen       total 241664K, used 125843K [0x0000000080000000, 0x000000008ec00000, 0x00000000d5580000)
  object space 241664K, 52% used [0x0000000080000000,0x0000000087ae6f18,0x000000008ec00000)
 Metaspace       used 83182K, capacity 87822K, committed 88088K, reserved 1124352K
  class space    used 11606K, capacity 12517K, committed 12576K, reserved 1048576K
GC Heap History (10 events):
Event: 2.949 GC heap after
Heap after GC invocations=7 (full 2):
 PSYoungGen      total 268288K, used 0K [0x00000000d5580000, 0x00000000e9680000, 0x0000000100000000)
  eden space 258048K, 0% used [0x00000000d5580000,0x00000000d5580000,0x00000000e5180000)
  from space 10240K, 0% used [0x00000000e5180000,0x00000000e5180000,0x00000000e5b80000)
  to   space 15360K, 0% used [0x00000000e8780000,0x00000000e8780000,0x00000000e9680000)
 ParOldGen       total 166912K, used 16752K [0x0000000080000000, 0x000000008a300000, 0x00000000d5580000)
  object space 166912K, 10% used [0x0000000080000000,0x000000008105c198,0x000000008a300000)
 Metaspace       used 34340K, capacity 35422K, committed 35496K, reserved 1079296K
  class space    used 4720K, capacity 5004K, committed 5040K, reserved 1048576K
}
Event: 4.405 GC heap before
{Heap before GC invocations=8 (full 2):
 PSYoungGen      total 268288K, used 258048K [0x00000000d5580000, 0x00000000e9680000, 0x0000000100000000)
  eden space 258048K, 100% used [0x00000000d5580000,0x00000000e5180000,0x00000000e5180000)
  from space 10240K, 0% used [0x00000000e5180000,0x00000000e5180000,0x00000000e5b80000)
  to   space 15360K, 0% used [0x00000000e8780000,0x00000000e8780000,0x00000000e9680000)
 ParOldGen       total 166912K, used 16752K [0x0000000080000000, 0x000000008a300000, 0x00000000d5580000)
  object space 166912K, 10% used [0x0000000080000000,0x000000008105c198,0x000000008a300000)
 Metaspace       used 46609K, capacity 48430K, committed 48680K, reserved 1091584K
  class space    used 6289K, capacity 6643K, committed 6704K, reserved 1048576K
Event: 4.418 GC heap after
Heap after GC invocations=8 (full 2):
 PSYoungGen      total 308736K, used 15347K [0x00000000d5580000, 0x00000000eef80000, 0x0000000100000000)
  eden space 293376K, 0% used [0x00000000d5580000,0x00000000d5580000,0x00000000e7400000)
  from space 15360K, 99% used [0x00000000e8780000,0x00000000e967cc48,0x00000000e9680000)
  to   space 19968K, 0% used [0x00000000e7400000,0x00000000e7400000,0x00000000e8780000)
 ParOldGen       total 166912K, used 20412K [0x0000000080000000, 0x000000008a300000, 0x00000000d5580000)
  object space 166912K, 12% used [0x0000000080000000,0x00000000813ef180,0x000000008a300000)
 Metaspace       used 46609K, capacity 48430K, committed 48680K, reserved 1091584K
  class space    used 6289K, capacity 6643K, committed 6704K, reserved 1048576K
}
Event: 5.286 GC heap before
{Heap before GC invocations=9 (full 2):
 PSYoungGen      total 308736K, used 145741K [0x00000000d5580000, 0x00000000eef80000, 0x0000000100000000)
  eden space 293376K, 44% used [0x00000000d5580000,0x00000000dd4d67b8,0x00000000e7400000)
  from space 15360K, 99% used [0x00000000e8780000,0x00000000e967cc48,0x00000000e9680000)
  to   space 19968K, 0% used [0x00000000e7400000,0x00000000e7400000,0x00000000e8780000)
 ParOldGen       total 166912K, used 20412K [0x0000000080000000, 0x000000008a300000, 0x00000000d5580000)
  object space 166912K, 12% used [0x0000000080000000,0x00000000813ef180,0x000000008a300000)
 Metaspace       used 56929K, capacity 59102K, committed 59160K, reserved 1099776K
  class space    used 7711K, capacity 8182K, committed 8224K, reserved 1048576K
Event: 5.304 GC heap after
Heap after GC invocations=9 (full 2):
 PSYoungGen      total 313344K, used 19946K [0x00000000d5580000, 0x00000000f2480000, 0x0000000100000000)
  eden space 293376K, 0% used [0x00000000d5580000,0x00000000d5580000,0x00000000e7400000)
  from space 19968K, 99% used [0x00000000e7400000,0x00000000e877a868,0x00000000e8780000)
  to   space 25600K, 0% used [0x00000000f0b80000,0x00000000f0b80000,0x00000000f2480000)
 ParOldGen       total 166912K, used 26360K [0x0000000080000000, 0x000000008a300000, 0x00000000d5580000)
  object space 166912K, 15% used [0x0000000080000000,0x00000000819be330,0x000000008a300000)
 Metaspace       used 56929K, capacity 59102K, committed 59160K, reserved 1099776K
  class space    used 7711K, capacity 8182K, committed 8224K, reserved 1048576K
}
Event: 5.304 GC heap before
{Heap before GC invocations=10 (full 3):
 PSYoungGen      total 313344K, used 19946K [0x00000000d5580000, 0x00000000f2480000, 0x0000000100000000)
  eden space 293376K, 0% used [0x00000000d5580000,0x00000000d5580000,0x00000000e7400000)
  from space 19968K, 99% used [0x00000000e7400000,0x00000000e877a868,0x00000000e8780000)
  to   space 25600K, 0% used [0x00000000f0b80000,0x00000000f0b80000,0x00000000f2480000)
 ParOldGen       total 166912K, used 26360K [0x0000000080000000, 0x000000008a300000, 0x00000000d5580000)
  object space 166912K, 15% used [0x0000000080000000,0x00000000819be330,0x000000008a300000)
 Metaspace       used 56929K, capacity 59102K, committed 59160K, reserved 1099776K
  class space    used 7711K, capacity 8182K, committed 8224K, reserved 1048576K
Event: 5.418 GC heap after
Heap after GC invocations=10 (full 3):
 PSYoungGen      total 313344K, used 0K [0x00000000d5580000, 0x00000000f2480000, 0x0000000100000000)
  eden space 293376K, 0% used [0x00000000d5580000,0x00000000d5580000,0x00000000e7400000)
  from space 19968K, 0% used [0x00000000e7400000,0x00000000e7400000,0x00000000e8780000)
  to   space 25600K, 0% used [0x00000000f0b80000,0x00000000f0b80000,0x00000000f2480000)
 ParOldGen       total 241664K, used 38117K [0x0000000080000000, 0x000000008ec00000, 0x00000000d5580000)
  object space 241664K, 15% used [0x0000000080000000,0x0000000082539610,0x000000008ec00000)
 Metaspace       used 56929K, capacity 59102K, committed 59160K, reserved 1099776K
  class space    used 7711K, capacity 8182K, committed 8224K, reserved 1048576K
}
Event: 7.270 GC heap before
{Heap before GC invocations=11 (full 3):
 PSYoungGen      total 313344K, used 293376K [0x00000000d5580000, 0x00000000f2480000, 0x0000000100000000)
  eden space 293376K, 100% used [0x00000000d5580000,0x00000000e7400000,0x00000000e7400000)
  from space 19968K, 0% used [0x00000000e7400000,0x00000000e7400000,0x00000000e8780000)
  to   space 25600K, 0% used [0x00000000f0b80000,0x00000000f0b80000,0x00000000f2480000)
 ParOldGen       total 241664K, used 38117K [0x0000000080000000, 0x000000008ec00000, 0x00000000d5580000)
  object space 241664K, 15% used [0x0000000080000000,0x0000000082539610,0x000000008ec00000)
 Metaspace       used 70043K, capacity 72964K, committed 73240K, reserved 1112064K
  class space    used 9573K, capacity 10163K, committed 10272K, reserved 1048576K
Event: 7.293 GC heap after
Heap after GC invocations=11 (full 3):
 PSYoungGen      total 434176K, used 25588K [0x00000000d5580000, 0x00000000f2480000, 0x0000000100000000)
  eden space 408576K, 0% used [0x00000000d5580000,0x00000000d5580000,0x00000000ee480000)
  from space 25600K, 99% used [0x00000000f0b80000,0x00000000f247d1f0,0x00000000f2480000)
  to   space 30720K, 0% used [0x00000000ee880000,0x00000000ee880000,0x00000000f0680000)
 ParOldGen       total 241664K, used 40424K [0x0000000080000000, 0x000000008ec00000, 0x00000000d5580000)
  object space 241664K, 16% used [0x0000000080000000,0x000000008277a3f8,0x000000008ec00000)
 Metaspace       used 70043K, capacity 72964K, committed 73240K, reserved 1112064K
  class space    used 9573K, capacity 10163K, committed 10272K, reserved 1048576K
}
Event: 10.113 GC heap before
{Heap before GC invocations=12 (full 3):
 PSYoungGen      total 434176K, used 434164K [0x00000000d5580000, 0x00000000f2480000, 0x0000000100000000)
  eden space 408576K, 100% used [0x00000000d5580000,0x00000000ee480000,0x00000000ee480000)
  from space 25600K, 99% used [0x00000000f0b80000,0x00000000f247d1f0,0x00000000f2480000)
  to   space 30720K, 0% used [0x00000000ee880000,0x00000000ee880000,0x00000000f0680000)
 ParOldGen       total 241664K, used 40424K [0x0000000080000000, 0x000000008ec00000, 0x00000000d5580000)
  object space 241664K, 16% used [0x0000000080000000,0x000000008277a3f8,0x000000008ec00000)
 Metaspace       used 83182K, capacity 87822K, committed 88088K, reserved 1124352K
  class space    used 11606K, capacity 12517K, committed 12576K, reserved 1048576K

