# JRE version: OpenJDK Runtime Environment (8.0_242) (build 1.8.0_242-release-1644-b3-6222593)
# Java VM: OpenJDK 64-Bit Server VM (25.242-b3-6222593 mixed mode linux-amd64 compressed oops)
Heap:
 PSYoungGen      total 476160K, used 42537K [0x00000000d5580000, 0x00000000fe400000, 0x0000000100000000)
  eden space 416256K, 0% used [0x00000000d5580000,0x00000000d5580000,0x00000000eec00000)
  from space 59904K, 71% used [0x00000000eec00000,0x00000000f158a620,0x00000000f2680000)
  to   space 62976K, 0% used [0x00000000fa680000,0x00000000fa680000,0x00000000fe400000)
 ParOldGen       total 258048K, used 97474K [0x0000000080000000, 0x000000008fc00000, 0x00000000d5580000)
  object space 258048K, 37% used [0x0000000080000000,0x0000000085f30b18,0x000000008fc00000)
 Metaspace       used 93824K, capacity 98537K, committed 98600K, reserved 1134592K
  class space    used 12616K, capacity 13553K, committed 13616K, reserved 1048576K
GC Heap History (10 events):
Event: 4.508 GC heap after
Heap after GC invocations=10 (full 3):
 PSYoungGen      total 291840K, used 0K [0x00000000d5580000, 0x00000000f0a00000, 0x0000000100000000)
  eden space 272384K, 0% used [0x00000000d5580000,0x00000000d5580000,0x00000000e5f80000)
  from space 19456K, 0% used [0x00000000e5f80000,0x00000000e5f80000,0x00000000e7280000)
  to   space 25600K, 0% used [0x00000000ef100000,0x00000000ef100000,0x00000000f0a00000)
 ParOldGen       total 258048K, used 38016K [0x0000000080000000, 0x000000008fc00000, 0x00000000d5580000)
  object space 258048K, 14% used [0x0000000080000000,0x00000000825201b0,0x000000008fc00000)
 Metaspace       used 56776K, capacity 58990K, committed 59160K, reserved 1099776K
  class space    used 7683K, capacity 8172K, committed 8240K, reserved 1048576K
}
Event: 6.506 GC heap before
{Heap before GC invocations=11 (full 3):
 PSYoungGen      total 291840K, used 272384K [0x00000000d5580000, 0x00000000f0a00000, 0x0000000100000000)
  eden space 272384K, 100% used [0x00000000d5580000,0x00000000e5f80000,0x00000000e5f80000)
  from space 19456K, 0% used [0x00000000e5f80000,0x00000000e5f80000,0x00000000e7280000)
  to   space 25600K, 0% used [0x00000000ef100000,0x00000000ef100000,0x00000000f0a00000)
 ParOldGen       total 258048K, used 38016K [0x0000000080000000, 0x000000008fc00000, 0x00000000d5580000)
  object space 258048K, 14% used [0x0000000080000000,0x00000000825201b0,0x000000008fc00000)
 Metaspace       used 67668K, capacity 70710K, committed 70808K, reserved 1110016K
  class space    used 9259K, capacity 9856K, committed 9904K, reserved 1048576K
Event: 6.521 GC heap after
Heap after GC invocations=11 (full 3):
 PSYoungGen      total 394240K, used 22514K [0x00000000d5580000, 0x00000000f0700000, 0x0000000100000000)
  eden space 371712K, 0% used [0x00000000d5580000,0x00000000d5580000,0x00000000ec080000)
  from space 22528K, 99% used [0x00000000ef100000,0x00000000f06fc8d0,0x00000000f0700000)
  to   space 28160K, 0% used [0x00000000ed000000,0x00000000ed000000,0x00000000eeb80000)
 ParOldGen       total 258048K, used 38024K [0x0000000080000000, 0x000000008fc00000, 0x00000000d5580000)
  object space 258048K, 14% used [0x0000000080000000,0x00000000825221b0,0x000000008fc00000)
 Metaspace       used 67668K, capacity 70710K, committed 70808K, reserved 1110016K
  class space    used 9259K, capacity 9856K, committed 9904K, reserved 1048576K
}
Event: 927.391 GC heap before
{Heap before GC invocations=12 (full 3):
 PSYoungGen      total 394240K, used 394226K [0x00000000d5580000, 0x00000000f0700000, 0x0000000100000000)
  eden space 371712K, 100% used [0x00000000d5580000,0x00000000ec080000,0x00000000ec080000)
  from space 22528K, 99% used [0x00000000ef100000,0x00000000f06fc8d0,0x00000000f0700000)
  to   space 28160K, 0% used [0x00000000ed000000,0x00000000ed000000,0x00000000eeb80000)
 ParOldGen       total 258048K, used 38024K [0x0000000080000000, 0x000000008fc00000, 0x00000000d5580000)
  object space 258048K, 14% used [0x0000000080000000,0x00000000825221b0,0x000000008fc00000)
 Metaspace       used 79701K, capacity 83150K, committed 83480K, reserved 1122304K
  class space    used 10557K, capacity 11219K, committed 11312K, reserved 1048576K
Event: 927.426 GC heap after
Heap after GC invocations=12 (full 3):
 PSYoungGen      total 415744K, used 28143K [0x00000000d5580000, 0x00000000f4a80000, 0x0000000100000000)
  eden space 387584K, 0% used [0x00000000d5580000,0x00000000d5580000,0x00000000ed000000)
  from space 28160K, 99% used [0x00000000ed000000,0x00000000eeb7bfa0,0x00000000eeb80000)
  to   space 36864K, 0% used [0x00000000f2680000,0x00000000f2680000,0x00000000f4a80000)
 ParOldGen       total 258048K, used 50510K [0x0000000080000000, 0x000000008fc00000, 0x00000000d5580000)
  object space 258048K, 19% used [0x0000000080000000,0x0000000083153b48,0x000000008fc00000)
 Metaspace       used 79701K, capacity 83150K, committed 83480K, reserved 1122304K
  class space    used 10557K, capacity 11219K, committed 11312K, reserved 1048576K
}
Event: 929.037 GC heap before
{Heap before GC invocations=13 (full 3):
 PSYoungGen      total 415744K, used 415727K [0x00000000d5580000, 0x00000000f4a80000, 0x0000000100000000)
  eden space 387584K, 100% used [0x00000000d5580000,0x00000000ed000000,0x00000000ed000000)
  from space 28160K, 99% used [0x00000000ed000000,0x00000000eeb7bfa0,0x00000000eeb80000)
  to   space 36864K, 0% used [0x00000000f2680000,0x00000000f2680000,0x00000000f4a80000)
 ParOldGen       total 258048K, used 50510K [0x0000000080000000, 0x000000008fc00000, 0x00000000d5580000)
  object space 258048K, 19% used [0x0000000080000000,0x0000000083153b48,0x000000008fc00000)
 Metaspace       used 89069K, capacity 93106K, committed 93208K, reserved 1130496K
  class space    used 11811K, capacity 12587K, committed 12592K, reserved 1048576K
Event: 929.100 GC heap after
Heap after GC invocations=13 (full 3):
 PSYoungGen      total 453120K, used 36854K [0x00000000d5580000, 0x00000000f9980000, 0x0000000100000000)
  eden space 416256K, 0% used [0x00000000d5580000,0x00000000d5580000,0x00000000eec00000)
  from space 36864K, 99% used [0x00000000f2680000,0x00000000f4a7d928,0x00000000f4a80000)
  to   space 59904K, 0% used [0x00000000eec00000,0x00000000eec00000,0x00000000f2680000)
 ParOldGen       total 258048K, used 97466K [0x0000000080000000, 0x000000008fc00000, 0x00000000d5580000)
  object space 258048K, 37% used [0x0000000080000000,0x0000000085f2eb18,0x000000008fc00000)
 Metaspace       used 89069K, capacity 93106K, committed 93208K, reserved 1130496K
  class space    used 11811K, capacity 12587K, committed 12592K, reserved 1048576K
}
Event: 929.412 GC heap before
{Heap before GC invocations=14 (full 3):
 PSYoungGen      total 453120K, used 73357K [0x00000000d5580000, 0x00000000f9980000, 0x0000000100000000)
  eden space 416256K, 8% used [0x00000000d5580000,0x00000000d7925ea8,0x00000000eec00000)
  from space 36864K, 99% used [0x00000000f2680000,0x00000000f4a7d928,0x00000000f4a80000)
  to   space 59904K, 0% used [0x00000000eec00000,0x00000000eec00000,0x00000000f2680000)
 ParOldGen       total 258048K, used 97466K [0x0000000080000000, 0x000000008fc00000, 0x00000000d5580000)
  object space 258048K, 37% used [0x0000000080000000,0x0000000085f2eb18,0x000000008fc00000)
 Metaspace       used 93824K, capacity 98537K, committed 98600K, reserved 1134592K
  class space    used 12616K, capacity 13553K, committed 13616K, reserved 1048576K
Event: 929.442 GC heap after
Heap after GC invocations=14 (full 3):
 PSYoungGen      total 476160K, used 42537K [0x00000000d5580000, 0x00000000fe400000, 0x0000000100000000)
  eden space 416256K, 0% used [0x00000000d5580000,0x00000000d5580000,0x00000000eec00000)
  from space 59904K, 71% used [0x00000000eec00000,0x00000000f158a620,0x00000000f2680000)
  to   space 62976K, 0% used [0x00000000fa680000,0x00000000fa680000,0x00000000fe400000)
 ParOldGen       total 258048K, used 97474K [0x0000000080000000, 0x000000008fc00000, 0x00000000d5580000)
  object space 258048K, 37% used [0x0000000080000000,0x0000000085f30b18,0x000000008fc00000)
 Metaspace       used 93824K, capacity 98537K, committed 98600K, reserved 1134592K
  class space    used 12616K, capacity 13553K, committed 13616K, reserved 1048576K
}
Event: 929.442 GC heap before
{Heap before GC invocations=15 (full 4):
 PSYoungGen      total 476160K, used 42537K [0x00000000d5580000, 0x00000000fe400000, 0x0000000100000000)
  eden space 416256K, 0% used [0x00000000d5580000,0x00000000d5580000,0x00000000eec00000)
  from space 59904K, 71% used [0x00000000eec00000,0x00000000f158a620,0x00000000f2680000)
  to   space 62976K, 0% used [0x00000000fa680000,0x00000000fa680000,0x00000000fe400000)
 ParOldGen       total 258048K, used 97474K [0x0000000080000000, 0x000000008fc00000, 0x00000000d5580000)
  object space 258048K, 37% used [0x0000000080000000,0x0000000085f30b18,0x000000008fc00000)
 Metaspace       used 93824K, capacity 98537K, committed 98600K, reserved 1134592K
  class space    used 12616K, capacity 13553K, committed 13616K, reserved 1048576K

