# JRE version: OpenJDK Runtime Environment (8.0_242) (build 1.8.0_242-release-1644-b3-6222593)
# Java VM: OpenJDK 64-Bit Server VM (25.242-b3-6222593 mixed mode linux-amd64 compressed oops)
Heap:
 PSYoungGen      total 274944K, used 156720K [0x00000000d5580000, 0x00000000ee580000, 0x0000000100000000)
  eden space 255488K, 61% used [0x00000000d5580000,0x00000000dee8c3b8,0x00000000e4f00000)
  from space 19456K, 0% used [0x00000000e4f00000,0x00000000e4f00000,0x00000000e6200000)
  to   space 25600K, 0% used [0x00000000ecc80000,0x00000000ecc80000,0x00000000ee580000)
 ParOldGen       total 267264K, used 37968K [0x0000000080000000, 0x0000000090500000, 0x00000000d5580000)
  object space 267264K, 14% used [0x0000000080000000,0x0000000082514368,0x0000000090500000)
 Metaspace       used 65062K, capacity 67886K, committed 67992K, reserved 1107968K
  class space    used 8963K, capacity 9542K, committed 9648K, reserved 1048576K
GC Heap History (10 events):
Event: 2.137 GC heap before
{Heap before GC invocations=6 (full 1):
 PSYoungGen      total 189440K, used 56029K [0x00000000d5580000, 0x00000000e6580000, 0x0000000100000000)
  eden space 179200K, 25% used [0x00000000d5580000,0x00000000d823cdb0,0x00000000e0480000)
  from space 10240K, 99% used [0x00000000e5b80000,0x00000000e657a6d0,0x00000000e6580000)
  to   space 10240K, 0% used [0x00000000e5180000,0x00000000e5180000,0x00000000e5b80000)
 ParOldGen       total 115200K, used 14688K [0x0000000080000000, 0x0000000087080000, 0x00000000d5580000)
  object space 115200K, 12% used [0x0000000080000000,0x0000000080e58240,0x0000000087080000)
 Metaspace       used 34320K, capacity 35390K, committed 35496K, reserved 1079296K
  class space    used 4714K, capacity 4972K, committed 5040K, reserved 1048576K
Event: 2.144 GC heap after
Heap after GC invocations=6 (full 1):
 PSYoungGen      total 268288K, used 9281K [0x00000000d5580000, 0x00000000e7100000, 0x0000000100000000)
  eden space 258048K, 0% used [0x00000000d5580000,0x00000000d5580000,0x00000000e5180000)
  from space 10240K, 90% used [0x00000000e5180000,0x00000000e5a90628,0x00000000e5b80000)
  to   space 15360K, 0% used [0x00000000e6200000,0x00000000e6200000,0x00000000e7100000)
 ParOldGen       total 115200K, used 14688K [0x0000000080000000, 0x0000000087080000, 0x00000000d5580000)
  object space 115200K, 12% used [0x0000000080000000,0x0000000080e58240,0x0000000087080000)
 Metaspace       used 34320K, capacity 35390K, committed 35496K, reserved 1079296K
  class space    used 4714K, capacity 4972K, committed 5040K, reserved 1048576K
}
Event: 2.144 GC heap before
{Heap before GC invocations=7 (full 2):
 PSYoungGen      total 268288K, used 9281K [0x00000000d5580000, 0x00000000e7100000, 0x0000000100000000)
  eden space 258048K, 0% used [0x00000000d5580000,0x00000000d5580000,0x00000000e5180000)
  from space 10240K, 90% used [0x00000000e5180000,0x00000000e5a90628,0x00000000e5b80000)
  to   space 15360K, 0% used [0x00000000e6200000,0x00000000e6200000,0x00000000e7100000)
 ParOldGen       total 115200K, used 14688K [0x0000000080000000, 0x0000000087080000, 0x00000000d5580000)
  object space 115200K, 12% used [0x0000000080000000,0x0000000080e58240,0x0000000087080000)
 Metaspace       used 34320K, capacity 35390K, committed 35496K, reserved 1079296K
  class space    used 4714K, capacity 4972K, committed 5040K, reserved 1048576K
Event: 2.177 GC heap after
Heap after GC invocations=7 (full 2):
 PSYoungGen      total 268288K, used 0K [0x00000000d5580000, 0x00000000e7100000, 0x0000000100000000)
  eden space 258048K, 0% used [0x00000000d5580000,0x00000000d5580000,0x00000000e5180000)
  from space 10240K, 0% used [0x00000000e5180000,0x00000000e5180000,0x00000000e5b80000)
  to   space 15360K, 0% used [0x00000000e6200000,0x00000000e6200000,0x00000000e7100000)
 ParOldGen       total 181248K, used 16755K [0x0000000080000000, 0x000000008b100000, 0x00000000d5580000)
  object space 181248K, 9% used [0x0000000080000000,0x000000008105cd30,0x000000008b100000)
 Metaspace       used 34320K, capacity 35390K, committed 35496K, reserved 1079296K
  class space    used 4714K, capacity 4972K, committed 5040K, reserved 1048576K
}
Event: 3.322 GC heap before
{Heap before GC invocations=8 (full 2):
 PSYoungGen      total 268288K, used 258048K [0x00000000d5580000, 0x00000000e7100000, 0x0000000100000000)
  eden space 258048K, 100% used [0x00000000d5580000,0x00000000e5180000,0x00000000e5180000)
  from space 10240K, 0% used [0x00000000e5180000,0x00000000e5180000,0x00000000e5b80000)
  to   space 15360K, 0% used [0x00000000e6200000,0x00000000e6200000,0x00000000e7100000)
 ParOldGen       total 181248K, used 16755K [0x0000000080000000, 0x000000008b100000, 0x00000000d5580000)
  object space 181248K, 9% used [0x0000000080000000,0x000000008105cd30,0x000000008b100000)
 Metaspace       used 46651K, capacity 48460K, committed 48680K, reserved 1091584K
  class space    used 6300K, capacity 6648K, committed 6704K, reserved 1048576K
Event: 3.339 GC heap after
Heap after GC invocations=8 (full 2):
 PSYoungGen      total 270848K, used 15343K [0x00000000d5580000, 0x00000000edf80000, 0x0000000100000000)
  eden space 255488K, 0% used [0x00000000d5580000,0x00000000d5580000,0x00000000e4f00000)
  from space 15360K, 99% used [0x00000000e6200000,0x00000000e70fbc70,0x00000000e7100000)
  to   space 19456K, 0% used [0x00000000e4f00000,0x00000000e4f00000,0x00000000e6200000)
 ParOldGen       total 181248K, used 20504K [0x0000000080000000, 0x000000008b100000, 0x00000000d5580000)
  object space 181248K, 11% used [0x0000000080000000,0x00000000814060c8,0x000000008b100000)
 Metaspace       used 46651K, capacity 48460K, committed 48680K, reserved 1091584K
  class space    used 6300K, capacity 6648K, committed 6704K, reserved 1048576K
}
Event: 4.198 GC heap before
{Heap before GC invocations=9 (full 2):
 PSYoungGen      total 270848K, used 143290K [0x00000000d5580000, 0x00000000edf80000, 0x0000000100000000)
  eden space 255488K, 50% used [0x00000000d5580000,0x00000000dd272ec0,0x00000000e4f00000)
  from space 15360K, 99% used [0x00000000e6200000,0x00000000e70fbc70,0x00000000e7100000)
  to   space 19456K, 0% used [0x00000000e4f00000,0x00000000e4f00000,0x00000000e6200000)
 ParOldGen       total 181248K, used 20504K [0x0000000080000000, 0x000000008b100000, 0x00000000d5580000)
  object space 181248K, 11% used [0x0000000080000000,0x00000000814060c8,0x000000008b100000)
 Metaspace       used 56800K, capacity 59098K, committed 59160K, reserved 1099776K
  class space    used 7689K, capacity 8180K, committed 8240K, reserved 1048576K
Event: 4.214 GC heap after
Heap after GC invocations=9 (full 2):
 PSYoungGen      total 274944K, used 19429K [0x00000000d5580000, 0x00000000ee580000, 0x0000000100000000)
  eden space 255488K, 0% used [0x00000000d5580000,0x00000000d5580000,0x00000000e4f00000)
  from space 19456K, 99% used [0x00000000e4f00000,0x00000000e61f96c8,0x00000000e6200000)
  to   space 25600K, 0% used [0x00000000ecc80000,0x00000000ecc80000,0x00000000ee580000)
 ParOldGen       total 181248K, used 26751K [0x0000000080000000, 0x000000008b100000, 0x00000000d5580000)
  object space 181248K, 14% used [0x0000000080000000,0x0000000081a1fec0,0x000000008b100000)
 Metaspace       used 56800K, capacity 59098K, committed 59160K, reserved 1099776K
  class space    used 7689K, capacity 8180K, committed 8240K, reserved 1048576K
}
Event: 4.214 GC heap before
{Heap before GC invocations=10 (full 3):
 PSYoungGen      total 274944K, used 19429K [0x00000000d5580000, 0x00000000ee580000, 0x0000000100000000)
  eden space 255488K, 0% used [0x00000000d5580000,0x00000000d5580000,0x00000000e4f00000)
  from space 19456K, 99% used [0x00000000e4f00000,0x00000000e61f96c8,0x00000000e6200000)
  to   space 25600K, 0% used [0x00000000ecc80000,0x00000000ecc80000,0x00000000ee580000)
 ParOldGen       total 181248K, used 26751K [0x0000000080000000, 0x000000008b100000, 0x00000000d5580000)
  object space 181248K, 14% used [0x0000000080000000,0x0000000081a1fec0,0x000000008b100000)
 Metaspace       used 56800K, capacity 59098K, committed 59160K, reserved 1099776K
  class space    used 7689K, capacity 8180K, committed 8240K, reserved 1048576K
Event: 4.322 GC heap after
Heap after GC invocations=10 (full 3):
 PSYoungGen      total 274944K, used 0K [0x00000000d5580000, 0x00000000ee580000, 0x0000000100000000)
  eden space 255488K, 0% used [0x00000000d5580000,0x00000000d5580000,0x00000000e4f00000)
  from space 19456K, 0% used [0x00000000e4f00000,0x00000000e4f00000,0x00000000e6200000)
  to   space 25600K, 0% used [0x00000000ecc80000,0x00000000ecc80000,0x00000000ee580000)
 ParOldGen       total 267264K, used 37968K [0x0000000080000000, 0x0000000090500000, 0x00000000d5580000)
  object space 267264K, 14% used [0x0000000080000000,0x0000000082514368,0x0000000090500000)
 Metaspace       used 56791K, capacity 59068K, committed 59160K, reserved 1099776K
  class space    used 7686K, capacity 8175K, committed 8240K, reserved 1048576K
}

